 WARN 2015-01-03 23:06:35,794 [btpool0-0][] org.springframework.web.servlet.PageNotFound - No mapping found for HTTP request with URI [/opencvserver-server/welcome] in DispatcherServlet with name 'rest-app'
 WARN 2015-01-03 23:06:39,284 [btpool0-0][] org.springframework.web.servlet.PageNotFound - Request method 'GET' not supported
 WARN 2015-01-03 23:06:54,564 [btpool0-0][] org.springframework.web.servlet.PageNotFound - Request method 'GET' not supported
 WARN 2015-01-03 23:06:58,640 [btpool0-0][] org.springframework.web.servlet.PageNotFound - Request method 'GET' not supported
 WARN 2015-01-03 23:06:58,663 [btpool0-0][] org.springframework.web.servlet.PageNotFound - Request method 'GET' not supported
 WARN 2015-01-03 23:11:10,216 [btpool0-0][] org.springframework.web.servlet.PageNotFound - No mapping found for HTTP request with URI [/opencvserver-server/] in DispatcherServlet with name 'rest-app'
 WARN 2015-01-03 23:11:13,361 [btpool0-0][] org.springframework.web.servlet.PageNotFound - Request method 'GET' not supported
 WARN 2015-01-04 10:45:29,548 [btpool0-0][] org.springframework.web.servlet.PageNotFound - Request method 'GET' not supported
 WARN 2015-01-04 10:45:36,278 [btpool0-0][] org.springframework.web.servlet.PageNotFound - No mapping found for HTTP request with URI [/opencvserver-server/github-markdown.css] in DispatcherServlet with name 'rest-app'
 WARN 2015-01-04 10:46:07,607 [btpool0-0][] org.springframework.web.servlet.PageNotFound - No mapping found for HTTP request with URI [/opencvserver-server/github-markdown.css] in DispatcherServlet with name 'rest-app'
 WARN 2015-01-04 10:49:48,003 [btpool0-0][] org.springframework.web.servlet.PageNotFound - No mapping found for HTTP request with URI [/opencvserver-server/github-markdown.css] in DispatcherServlet with name 'rest-app'
 WARN 2015-01-04 10:50:59,421 [btpool0-0][] org.springframework.web.servlet.PageNotFound - No mapping found for HTTP request with URI [/opencvserver-server/github-markdown.css] in DispatcherServlet with name 'rest-app'
 WARN 2015-01-04 10:51:12,094 [btpool0-0][] org.springframework.web.servlet.PageNotFound - No mapping found for HTTP request with URI [/opencvserver-server/github-markdown.css] in DispatcherServlet with name 'rest-app'
 WARN 2015-01-04 10:52:08,026 [btpool0-0][] org.springframework.web.servlet.PageNotFound - No mapping found for HTTP request with URI [/opencvserver-server/github-markdown.css] in DispatcherServlet with name 'rest-app'
 WARN 2015-01-04 10:53:37,192 [btpool0-0][] org.springframework.web.servlet.PageNotFound - No mapping found for HTTP request with URI [/opencvserver-server/src/main/webapp/WEB-INF/pages/github-markdown.css] in DispatcherServlet with name 'rest-app'
 WARN 2015-01-04 10:56:15,605 [btpool0-0][] org.springframework.web.servlet.PageNotFound - No mapping found for HTTP request with URI [/opencvserver-server/opencvserver-server/add] in DispatcherServlet with name 'rest-app'
 INFO 2015-01-04 11:01:26,281 [btpool0-0][] uos.jhoffjann.server.controller.OCVController - Request for object adding
 INFO 2015-01-04 11:01:26,281 [btpool0-0][] uos.jhoffjann.server.controller.OCVController - Request for object adding
DEBUG 2015-01-04 11:01:29,279 [btpool0-0][] uos.jhoffjann.server.logic.WikiHandler - Mate-Strauch (Ilex paraguariensis), Illustration
DEBUG 2015-01-04 11:01:29,279 [btpool0-0][] uos.jhoffjann.server.logic.WikiHandler - Mate-Strauch (Ilex paraguariensis), Illustration
DEBUG 2015-01-04 11:01:31,431 [btpool0-0][] uos.jhoffjann.server.logic.WikiHandler - Mate-Strauch (Ilex paraguariensis), Illustration
DEBUG 2015-01-04 11:01:31,431 [btpool0-0][] uos.jhoffjann.server.logic.WikiHandler - Mate-Strauch (Ilex paraguariensis), Illustration
 INFO 2015-01-04 11:01:31,488 [btpool0-0][] uos.jhoffjann.server.controller.OCVController - Sun Jan 04 11:01:31 CET 2015 - File was successfully uploaded!
 INFO 2015-01-04 11:01:31,488 [btpool0-0][] uos.jhoffjann.server.controller.OCVController - Sun Jan 04 11:01:31 CET 2015 - File was successfully uploaded!
 WARN 2015-01-04 11:08:18,811 [btpool0-0][] org.springframework.web.servlet.PageNotFound - Request method 'GET' not supported
 WARN 2015-01-04 11:13:29,283 [btpool0-0][] org.springframework.web.servlet.PageNotFound - No mapping found for HTTP request with URI [/opencvserver-server/showImages] in DispatcherServlet with name 'rest-app'
 INFO 2015-01-04 11:26:35,750 [btpool0-0][] uos.jhoffjann.server.controller.OCVController - Request for object adding
 INFO 2015-01-04 11:26:35,750 [btpool0-0][] uos.jhoffjann.server.controller.OCVController - Request for object adding
DEBUG 2015-01-04 11:26:36,477 [btpool0-0][] uos.jhoffjann.server.logic.WikiHandler - An vielen Orten wird in der Vorweihnachtszeit (Advent) ein Weihnachtsmarkt abgehalten. Dabei werden auf einem Markt meist besondere Waren angeboten, etwa Kunsthandwerk zur Weihnachtsdekoration und weihnachtliche Lebensmittel. Viele Weihnachtsmärkte bieten den Besuchern auch Fahrgeschäfte, Musik und Darbietungen wie Krippenspiele.
DEBUG 2015-01-04 11:26:36,477 [btpool0-0][] uos.jhoffjann.server.logic.WikiHandler - An vielen Orten wird in der Vorweihnachtszeit (Advent) ein Weihnachtsmarkt abgehalten. Dabei werden auf einem Markt meist besondere Waren angeboten, etwa Kunsthandwerk zur Weihnachtsdekoration und weihnachtliche Lebensmittel. Viele Weihnachtsmärkte bieten den Besuchern auch Fahrgeschäfte, Musik und Darbietungen wie Krippenspiele.
DEBUG 2015-01-04 11:26:38,116 [btpool0-0][] uos.jhoffjann.server.logic.WikiHandler - An vielen Orten wird in der Vorweihnachtszeit (Advent) ein Weihnachtsmarkt abgehalten. Dabei werden auf einem Markt meist besondere Waren angeboten, etwa Kunsthandwerk zur Weihnachtsdekoration und weihnachtliche Lebensmittel. Viele Weihnachtsmärkte bieten den Besuchern auch Fahrgeschäfte, Musik und Darbietungen wie Krippenspiele.
DEBUG 2015-01-04 11:26:38,116 [btpool0-0][] uos.jhoffjann.server.logic.WikiHandler - An vielen Orten wird in der Vorweihnachtszeit (Advent) ein Weihnachtsmarkt abgehalten. Dabei werden auf einem Markt meist besondere Waren angeboten, etwa Kunsthandwerk zur Weihnachtsdekoration und weihnachtliche Lebensmittel. Viele Weihnachtsmärkte bieten den Besuchern auch Fahrgeschäfte, Musik und Darbietungen wie Krippenspiele.
 INFO 2015-01-04 11:26:38,163 [btpool0-0][] uos.jhoffjann.server.controller.OCVController - Sun Jan 04 11:26:38 CET 2015 - File was successfully uploaded!
 INFO 2015-01-04 11:26:38,163 [btpool0-0][] uos.jhoffjann.server.controller.OCVController - Sun Jan 04 11:26:38 CET 2015 - File was successfully uploaded!
ERROR 2015-01-04 11:43:29,245 [main][] org.springframework.web.servlet.DispatcherServlet - Context initialization failed
org.springframework.beans.factory.xml.XmlBeanDefinitionStoreException: Line 28 in XML document from ServletContext resource [/WEB-INF/rest-app-servlet.xml] is invalid; nested exception is org.xml.sax.SAXParseException; lineNumber: 28; columnNumber: 29; Präfix "mvc" für Element "mvc:annotation-driven" ist nicht gebunden.
	at org.springframework.beans.factory.xml.XmlBeanDefinitionReader.doLoadBeanDefinitions(XmlBeanDefinitionReader.java:396)
	at org.springframework.beans.factory.xml.XmlBeanDefinitionReader.loadBeanDefinitions(XmlBeanDefinitionReader.java:334)
	at org.springframework.beans.factory.xml.XmlBeanDefinitionReader.loadBeanDefinitions(XmlBeanDefinitionReader.java:302)
	at org.springframework.beans.factory.support.AbstractBeanDefinitionReader.loadBeanDefinitions(AbstractBeanDefinitionReader.java:174)
	at org.springframework.beans.factory.support.AbstractBeanDefinitionReader.loadBeanDefinitions(AbstractBeanDefinitionReader.java:209)
	at org.springframework.beans.factory.support.AbstractBeanDefinitionReader.loadBeanDefinitions(AbstractBeanDefinitionReader.java:180)
	at org.springframework.web.context.support.XmlWebApplicationContext.loadBeanDefinitions(XmlWebApplicationContext.java:125)
	at org.springframework.web.context.support.XmlWebApplicationContext.loadBeanDefinitions(XmlWebApplicationContext.java:94)
	at org.springframework.context.support.AbstractRefreshableApplicationContext.refreshBeanFactory(AbstractRefreshableApplicationContext.java:131)
	at org.springframework.context.support.AbstractApplicationContext.obtainFreshBeanFactory(AbstractApplicationContext.java:530)
	at org.springframework.context.support.AbstractApplicationContext.refresh(AbstractApplicationContext.java:444)
	at org.springframework.web.servlet.FrameworkServlet.configureAndRefreshWebApplicationContext(FrameworkServlet.java:631)
	at org.springframework.web.servlet.FrameworkServlet.createWebApplicationContext(FrameworkServlet.java:588)
	at org.springframework.web.servlet.FrameworkServlet.createWebApplicationContext(FrameworkServlet.java:645)
	at org.springframework.web.servlet.FrameworkServlet.initWebApplicationContext(FrameworkServlet.java:508)
	at org.springframework.web.servlet.FrameworkServlet.initServletBean(FrameworkServlet.java:449)
	at org.springframework.web.servlet.HttpServletBean.init(HttpServletBean.java:133)
	at javax.servlet.GenericServlet.init(GenericServlet.java:241)
	at org.mortbay.jetty.servlet.ServletHolder.initServlet(ServletHolder.java:433)
	at org.mortbay.jetty.servlet.ServletHolder.doStart(ServletHolder.java:256)
	at org.mortbay.component.AbstractLifeCycle.start(AbstractLifeCycle.java:39)
	at org.mortbay.jetty.servlet.ServletHandler.initialize(ServletHandler.java:612)
	at org.mortbay.jetty.servlet.Context.startContext(Context.java:139)
	at org.mortbay.jetty.webapp.WebAppContext.startContext(WebAppContext.java:1220)
	at org.mortbay.jetty.handler.ContextHandler.doStart(ContextHandler.java:510)
	at org.mortbay.jetty.webapp.WebAppContext.doStart(WebAppContext.java:448)
	at org.mortbay.jetty.plugin.Jetty6PluginWebAppContext.doStart(Jetty6PluginWebAppContext.java:110)
	at org.mortbay.component.AbstractLifeCycle.start(AbstractLifeCycle.java:39)
	at org.mortbay.jetty.handler.HandlerCollection.doStart(HandlerCollection.java:152)
	at org.mortbay.jetty.handler.ContextHandlerCollection.doStart(ContextHandlerCollection.java:156)
	at org.mortbay.component.AbstractLifeCycle.start(AbstractLifeCycle.java:39)
	at org.mortbay.jetty.handler.HandlerCollection.doStart(HandlerCollection.java:152)
	at org.mortbay.component.AbstractLifeCycle.start(AbstractLifeCycle.java:39)
	at org.mortbay.jetty.handler.HandlerWrapper.doStart(HandlerWrapper.java:130)
	at org.mortbay.jetty.Server.doStart(Server.java:222)
	at org.mortbay.component.AbstractLifeCycle.start(AbstractLifeCycle.java:39)
	at org.mortbay.jetty.plugin.Jetty6PluginServer.start(Jetty6PluginServer.java:132)
	at org.mortbay.jetty.plugin.AbstractJettyMojo.startJetty(AbstractJettyMojo.java:371)
	at org.mortbay.jetty.plugin.AbstractJettyMojo.execute(AbstractJettyMojo.java:307)
	at org.mortbay.jetty.plugin.AbstractJettyRunMojo.execute(AbstractJettyRunMojo.java:203)
	at org.mortbay.jetty.plugin.Jetty6RunMojo.execute(Jetty6RunMojo.java:184)
	at org.apache.maven.plugin.DefaultBuildPluginManager.executeMojo(DefaultBuildPluginManager.java:132)
	at org.apache.maven.lifecycle.internal.MojoExecutor.execute(MojoExecutor.java:208)
	at org.apache.maven.lifecycle.internal.MojoExecutor.execute(MojoExecutor.java:153)
	at org.apache.maven.lifecycle.internal.MojoExecutor.execute(MojoExecutor.java:145)
	at org.apache.maven.lifecycle.internal.LifecycleModuleBuilder.buildProject(LifecycleModuleBuilder.java:116)
	at org.apache.maven.lifecycle.internal.LifecycleModuleBuilder.buildProject(LifecycleModuleBuilder.java:80)
	at org.apache.maven.lifecycle.internal.builder.singlethreaded.SingleThreadedBuilder.build(SingleThreadedBuilder.java:51)
	at org.apache.maven.lifecycle.internal.LifecycleStarter.execute(LifecycleStarter.java:120)
	at org.apache.maven.DefaultMaven.doExecute(DefaultMaven.java:347)
	at org.apache.maven.DefaultMaven.execute(DefaultMaven.java:154)
	at org.apache.maven.cli.MavenCli.execute(MavenCli.java:582)
	at org.apache.maven.cli.MavenCli.doMain(MavenCli.java:214)
	at org.apache.maven.cli.MavenCli.main(MavenCli.java:158)
	at sun.reflect.NativeMethodAccessorImpl.invoke0(Native Method)
	at sun.reflect.NativeMethodAccessorImpl.invoke(NativeMethodAccessorImpl.java:62)
	at sun.reflect.DelegatingMethodAccessorImpl.invoke(DelegatingMethodAccessorImpl.java:43)
	at java.lang.reflect.Method.invoke(Method.java:483)
	at org.codehaus.plexus.classworlds.launcher.Launcher.launchEnhanced(Launcher.java:289)
	at org.codehaus.plexus.classworlds.launcher.Launcher.launch(Launcher.java:229)
	at org.codehaus.plexus.classworlds.launcher.Launcher.mainWithExitCode(Launcher.java:415)
	at org.codehaus.plexus.classworlds.launcher.Launcher.main(Launcher.java:356)
Caused by: org.xml.sax.SAXParseException; lineNumber: 28; columnNumber: 29; Präfix "mvc" für Element "mvc:annotation-driven" ist nicht gebunden.
	at com.sun.org.apache.xerces.internal.util.ErrorHandlerWrapper.createSAXParseException(ErrorHandlerWrapper.java:203)
	at com.sun.org.apache.xerces.internal.util.ErrorHandlerWrapper.fatalError(ErrorHandlerWrapper.java:177)
	at com.sun.org.apache.xerces.internal.impl.XMLErrorReporter.reportError(XMLErrorReporter.java:441)
	at com.sun.org.apache.xerces.internal.impl.XMLErrorReporter.reportError(XMLErrorReporter.java:368)
	at com.sun.org.apache.xerces.internal.impl.XMLErrorReporter.reportError(XMLErrorReporter.java:325)
	at com.sun.org.apache.xerces.internal.impl.XMLNSDocumentScannerImpl.scanStartElement(XMLNSDocumentScannerImpl.java:289)
	at com.sun.org.apache.xerces.internal.impl.XMLDocumentFragmentScannerImpl$FragmentContentDriver.next(XMLDocumentFragmentScannerImpl.java:2786)
	at com.sun.org.apache.xerces.internal.impl.XMLDocumentScannerImpl.next(XMLDocumentScannerImpl.java:606)
	at com.sun.org.apache.xerces.internal.impl.XMLNSDocumentScannerImpl.next(XMLNSDocumentScannerImpl.java:117)
	at com.sun.org.apache.xerces.internal.impl.XMLDocumentFragmentScannerImpl.scanDocument(XMLDocumentFragmentScannerImpl.java:510)
	at com.sun.org.apache.xerces.internal.parsers.XML11Configuration.parse(XML11Configuration.java:848)
	at com.sun.org.apache.xerces.internal.parsers.XML11Configuration.parse(XML11Configuration.java:777)
	at com.sun.org.apache.xerces.internal.parsers.XMLParser.parse(XMLParser.java:141)
	at com.sun.org.apache.xerces.internal.parsers.DOMParser.parse(DOMParser.java:243)
	at com.sun.org.apache.xerces.internal.jaxp.DocumentBuilderImpl.parse(DocumentBuilderImpl.java:348)
	at org.springframework.beans.factory.xml.DefaultDocumentLoader.loadDocument(DefaultDocumentLoader.java:75)
	at org.springframework.beans.factory.xml.XmlBeanDefinitionReader.doLoadBeanDefinitions(XmlBeanDefinitionReader.java:388)
	... 61 more
ERROR 2015-01-04 11:44:26,334 [main][] org.springframework.web.servlet.DispatcherServlet - Context initialization failed
org.springframework.beans.factory.BeanCreationException: Error creating bean with name 'org.springframework.cache.interceptor.CacheInterceptor#0': Cannot resolve reference to bean 'cacheManager' while setting bean property 'cacheManager'; nested exception is org.springframework.beans.factory.NoSuchBeanDefinitionException: No bean named 'cacheManager' is defined
	at org.springframework.beans.factory.support.BeanDefinitionValueResolver.resolveReference(BeanDefinitionValueResolver.java:329)
	at org.springframework.beans.factory.support.BeanDefinitionValueResolver.resolveValueIfNecessary(BeanDefinitionValueResolver.java:107)
	at org.springframework.beans.factory.support.AbstractAutowireCapableBeanFactory.applyPropertyValues(AbstractAutowireCapableBeanFactory.java:1360)
	at org.springframework.beans.factory.support.AbstractAutowireCapableBeanFactory.populateBean(AbstractAutowireCapableBeanFactory.java:1118)
	at org.springframework.beans.factory.support.AbstractAutowireCapableBeanFactory.doCreateBean(AbstractAutowireCapableBeanFactory.java:517)
	at org.springframework.beans.factory.support.AbstractAutowireCapableBeanFactory.createBean(AbstractAutowireCapableBeanFactory.java:456)
	at org.springframework.beans.factory.support.AbstractBeanFactory$1.getObject(AbstractBeanFactory.java:294)
	at org.springframework.beans.factory.support.DefaultSingletonBeanRegistry.getSingleton(DefaultSingletonBeanRegistry.java:225)
	at org.springframework.beans.factory.support.AbstractBeanFactory.doGetBean(AbstractBeanFactory.java:291)
	at org.springframework.beans.factory.support.AbstractBeanFactory.getBean(AbstractBeanFactory.java:193)
	at org.springframework.beans.factory.support.DefaultListableBeanFactory.preInstantiateSingletons(DefaultListableBeanFactory.java:605)
	at org.springframework.context.support.AbstractApplicationContext.finishBeanFactoryInitialization(AbstractApplicationContext.java:925)
	at org.springframework.context.support.AbstractApplicationContext.refresh(AbstractApplicationContext.java:472)
	at org.springframework.web.servlet.FrameworkServlet.configureAndRefreshWebApplicationContext(FrameworkServlet.java:631)
	at org.springframework.web.servlet.FrameworkServlet.createWebApplicationContext(FrameworkServlet.java:588)
	at org.springframework.web.servlet.FrameworkServlet.createWebApplicationContext(FrameworkServlet.java:645)
	at org.springframework.web.servlet.FrameworkServlet.initWebApplicationContext(FrameworkServlet.java:508)
	at org.springframework.web.servlet.FrameworkServlet.initServletBean(FrameworkServlet.java:449)
	at org.springframework.web.servlet.HttpServletBean.init(HttpServletBean.java:133)
	at javax.servlet.GenericServlet.init(GenericServlet.java:241)
	at org.mortbay.jetty.servlet.ServletHolder.initServlet(ServletHolder.java:433)
	at org.mortbay.jetty.servlet.ServletHolder.doStart(ServletHolder.java:256)
	at org.mortbay.component.AbstractLifeCycle.start(AbstractLifeCycle.java:39)
	at org.mortbay.jetty.servlet.ServletHandler.initialize(ServletHandler.java:612)
	at org.mortbay.jetty.servlet.Context.startContext(Context.java:139)
	at org.mortbay.jetty.webapp.WebAppContext.startContext(WebAppContext.java:1220)
	at org.mortbay.jetty.handler.ContextHandler.doStart(ContextHandler.java:510)
	at org.mortbay.jetty.webapp.WebAppContext.doStart(WebAppContext.java:448)
	at org.mortbay.jetty.plugin.Jetty6PluginWebAppContext.doStart(Jetty6PluginWebAppContext.java:110)
	at org.mortbay.component.AbstractLifeCycle.start(AbstractLifeCycle.java:39)
	at org.mortbay.jetty.handler.HandlerCollection.doStart(HandlerCollection.java:152)
	at org.mortbay.jetty.handler.ContextHandlerCollection.doStart(ContextHandlerCollection.java:156)
	at org.mortbay.component.AbstractLifeCycle.start(AbstractLifeCycle.java:39)
	at org.mortbay.jetty.handler.HandlerCollection.doStart(HandlerCollection.java:152)
	at org.mortbay.component.AbstractLifeCycle.start(AbstractLifeCycle.java:39)
	at org.mortbay.jetty.handler.HandlerWrapper.doStart(HandlerWrapper.java:130)
	at org.mortbay.jetty.Server.doStart(Server.java:222)
	at org.mortbay.component.AbstractLifeCycle.start(AbstractLifeCycle.java:39)
	at org.mortbay.jetty.plugin.Jetty6PluginServer.start(Jetty6PluginServer.java:132)
	at org.mortbay.jetty.plugin.AbstractJettyMojo.startJetty(AbstractJettyMojo.java:371)
	at org.mortbay.jetty.plugin.AbstractJettyMojo.execute(AbstractJettyMojo.java:307)
	at org.mortbay.jetty.plugin.AbstractJettyRunMojo.execute(AbstractJettyRunMojo.java:203)
	at org.mortbay.jetty.plugin.Jetty6RunMojo.execute(Jetty6RunMojo.java:184)
	at org.apache.maven.plugin.DefaultBuildPluginManager.executeMojo(DefaultBuildPluginManager.java:132)
	at org.apache.maven.lifecycle.internal.MojoExecutor.execute(MojoExecutor.java:208)
	at org.apache.maven.lifecycle.internal.MojoExecutor.execute(MojoExecutor.java:153)
	at org.apache.maven.lifecycle.internal.MojoExecutor.execute(MojoExecutor.java:145)
	at org.apache.maven.lifecycle.internal.LifecycleModuleBuilder.buildProject(LifecycleModuleBuilder.java:116)
	at org.apache.maven.lifecycle.internal.LifecycleModuleBuilder.buildProject(LifecycleModuleBuilder.java:80)
	at org.apache.maven.lifecycle.internal.builder.singlethreaded.SingleThreadedBuilder.build(SingleThreadedBuilder.java:51)
	at org.apache.maven.lifecycle.internal.LifecycleStarter.execute(LifecycleStarter.java:120)
	at org.apache.maven.DefaultMaven.doExecute(DefaultMaven.java:347)
	at org.apache.maven.DefaultMaven.execute(DefaultMaven.java:154)
	at org.apache.maven.cli.MavenCli.execute(MavenCli.java:582)
	at org.apache.maven.cli.MavenCli.doMain(MavenCli.java:214)
	at org.apache.maven.cli.MavenCli.main(MavenCli.java:158)
	at sun.reflect.NativeMethodAccessorImpl.invoke0(Native Method)
	at sun.reflect.NativeMethodAccessorImpl.invoke(NativeMethodAccessorImpl.java:62)
	at sun.reflect.DelegatingMethodAccessorImpl.invoke(DelegatingMethodAccessorImpl.java:43)
	at java.lang.reflect.Method.invoke(Method.java:483)
	at org.codehaus.plexus.classworlds.launcher.Launcher.launchEnhanced(Launcher.java:289)
	at org.codehaus.plexus.classworlds.launcher.Launcher.launch(Launcher.java:229)
	at org.codehaus.plexus.classworlds.launcher.Launcher.mainWithExitCode(Launcher.java:415)
	at org.codehaus.plexus.classworlds.launcher.Launcher.main(Launcher.java:356)
Caused by: org.springframework.beans.factory.NoSuchBeanDefinitionException: No bean named 'cacheManager' is defined
	at org.springframework.beans.factory.support.DefaultListableBeanFactory.getBeanDefinition(DefaultListableBeanFactory.java:549)
	at org.springframework.beans.factory.support.AbstractBeanFactory.getMergedLocalBeanDefinition(AbstractBeanFactory.java:1095)
	at org.springframework.beans.factory.support.AbstractBeanFactory.doGetBean(AbstractBeanFactory.java:277)
	at org.springframework.beans.factory.support.AbstractBeanFactory.getBean(AbstractBeanFactory.java:193)
	at org.springframework.beans.factory.support.BeanDefinitionValueResolver.resolveReference(BeanDefinitionValueResolver.java:323)
	... 63 more
